2026-01-26 19:38:19 [restartedMain] INFO  c.m.c.CommercePlatformFullApplication - Starting CommercePlatformFullApplication using Java 25 with PID 30440 (D:\Mao\Kì-7\E-Commerce\target\classes started by PC in D:\Mao\Kì-7\E-Commerce)
2026-01-26 19:38:19 [restartedMain] DEBUG c.m.c.CommercePlatformFullApplication - Running with Spring Boot v3.4.1, Spring v6.2.1
2026-01-26 19:38:19 [restartedMain] INFO  c.m.c.CommercePlatformFullApplication - No active profile set, falling back to 1 default profile: "default"
2026-01-26 19:38:19 [restartedMain] INFO  o.s.b.d.e.DevToolsPropertyDefaultsPostProcessor - Devtools property defaults active! Set 'spring.devtools.add-properties' to 'false' to disable
2026-01-26 19:38:19 [restartedMain] INFO  o.s.b.d.e.DevToolsPropertyDefaultsPostProcessor - For additional web related logging consider setting the 'logging.level.web' property to 'DEBUG'
2026-01-26 19:38:20 [restartedMain] INFO  o.s.d.r.c.RepositoryConfigurationDelegate - Bootstrapping Spring Data JPA repositories in DEFAULT mode.
2026-01-26 19:38:20 [restartedMain] INFO  o.s.d.r.c.RepositoryConfigurationDelegate - Finished Spring Data repository scanning in 77 ms. Found 12 JPA repository interfaces.
2026-01-26 19:38:21 [restartedMain] INFO  o.s.b.w.e.tomcat.TomcatWebServer - Tomcat initialized with port 8080 (http)
2026-01-26 19:38:21 [restartedMain] INFO  o.a.catalina.core.StandardService - Starting service [Tomcat]
2026-01-26 19:38:21 [restartedMain] INFO  o.a.catalina.core.StandardEngine - Starting Servlet engine: [Apache Tomcat/10.1.34]
2026-01-26 19:38:21 [restartedMain] INFO  o.a.c.c.C.[Tomcat].[localhost].[/] - Initializing Spring embedded WebApplicationContext
2026-01-26 19:38:21 [restartedMain] INFO  o.s.b.w.s.c.ServletWebServerApplicationContext - Root WebApplicationContext: initialization completed in 1887 ms
2026-01-26 19:38:21 [restartedMain] INFO  o.h.jpa.internal.util.LogHelper - HHH000204: Processing PersistenceUnitInfo [name: default]
2026-01-26 19:38:21 [restartedMain] INFO  org.hibernate.Version - HHH000412: Hibernate ORM core version 6.6.4.Final
2026-01-26 19:38:21 [restartedMain] INFO  o.h.c.i.RegionFactoryInitiator - HHH000026: Second-level cache disabled
2026-01-26 19:38:22 [restartedMain] INFO  o.s.o.j.p.SpringPersistenceUnitInfo - No LoadTimeWeaver setup: ignoring JPA class transformer
2026-01-26 19:38:22 [restartedMain] INFO  com.zaxxer.hikari.HikariDataSource - HikariPool-1 - Starting...
2026-01-26 19:38:22 [restartedMain] INFO  com.zaxxer.hikari.pool.HikariPool - HikariPool-1 - Added connection ConnectionID:1 ClientConnectionId: 6d585e4f-5ea7-411d-9cba-1a225d2cec1b
2026-01-26 19:38:22 [restartedMain] INFO  com.zaxxer.hikari.HikariDataSource - HikariPool-1 - Start completed.
2026-01-26 19:38:22 [restartedMain] WARN  org.hibernate.orm.deprecation - HHH90000025: SQLServerDialect does not need to be specified explicitly using 'hibernate.dialect' (remove the property setting and it will be selected by default)
2026-01-26 19:38:22 [restartedMain] INFO  o.hibernate.orm.connections.pooling - HHH10001005: Database info:
	Database JDBC URL [Connecting through datasource 'HikariDataSource (HikariPool-1)']
	Database driver: undefined/unknown
	Database version: 15.0
	Autocommit mode: undefined/unknown
	Isolation level: undefined/unknown
	Minimum pool size: undefined/unknown
	Maximum pool size: undefined/unknown
2026-01-26 19:38:23 [restartedMain] INFO  o.h.e.t.j.p.i.JtaPlatformInitiator - HHH000489: No JTA platform available (set 'hibernate.transaction.jta.platform' to enable JTA platform integration)
2026-01-26 19:38:25 [restartedMain] INFO  o.s.o.j.LocalContainerEntityManagerFactoryBean - Initialized JPA EntityManagerFactory for persistence unit 'default'
2026-01-26 19:38:25 [restartedMain] INFO  o.s.d.j.r.query.QueryEnhancerFactory - Hibernate is in classpath; If applicable, HQL parser will be used.
2026-01-26 19:38:27 [restartedMain] WARN  o.s.b.a.o.j.JpaBaseConfiguration$JpaWebConfiguration - spring.jpa.open-in-view is enabled by default. Therefore, database queries may be performed during view rendering. Explicitly configure spring.jpa.open-in-view to disable this warning
2026-01-26 19:38:27 [restartedMain] WARN  o.s.s.c.a.a.c.InitializeUserDetailsBeanManagerConfigurer$InitializeUserDetailsManagerConfigurer - Global AuthenticationManager configured with an AuthenticationProvider bean. UserDetailsService beans will not be used by Spring Security for automatically configuring username/password login. Consider removing the AuthenticationProvider bean. Alternatively, consider using the UserDetailsService in a manually instantiated DaoAuthenticationProvider. If the current configuration is intentional, to turn off this warning, increase the logging level of 'org.springframework.security.config.annotation.authentication.configuration.InitializeUserDetailsBeanManagerConfigurer' to ERROR
2026-01-26 19:38:27 [restartedMain] INFO  o.s.b.a.w.s.WelcomePageHandlerMapping - Adding welcome page template: index
2026-01-26 19:38:28 [restartedMain] INFO  o.s.b.d.a.OptionalLiveReloadServer - LiveReload server is running on port 35729
2026-01-26 19:38:28 [restartedMain] INFO  o.s.b.w.e.tomcat.TomcatWebServer - Tomcat started on port 8080 (http) with context path '/'
2026-01-26 19:38:28 [restartedMain] INFO  c.m.c.CommercePlatformFullApplication - Started CommercePlatformFullApplication in 9.381 seconds (process running for 9.881)
2026-01-26 19:38:28 [restartedMain] INFO  c.m.c.config.DataInitializer - Starting data initialization...
2026-01-26 19:38:28 [restartedMain] INFO  c.m.c.service.RoleServiceImpl - Initializing default roles...
2026-01-26 19:38:28 [restartedMain] INFO  c.m.c.service.RoleServiceImpl - Default roles initialization completed
2026-01-26 19:38:28 [restartedMain] INFO  c.m.c.config.DataInitializer - Users already exist, skipping initialization
2026-01-26 19:38:28 [restartedMain] INFO  c.m.c.config.DataInitializer - Categories already exist, skipping initialization
2026-01-26 19:38:28 [restartedMain] INFO  c.m.c.config.DataInitializer - Products already exist, skipping initialization
2026-01-26 19:38:28 [restartedMain] INFO  c.m.c.config.DataInitializer - Reviews already exist, skipping initialization
2026-01-26 19:38:28 [restartedMain] INFO  c.m.c.config.DataInitializer - Data initialization completed successfully!
2026-01-26 19:39:05 [http-nio-8080-exec-1] INFO  o.a.c.c.C.[Tomcat].[localhost].[/] - Initializing Spring DispatcherServlet 'dispatcherServlet'
2026-01-26 19:39:05 [http-nio-8080-exec-1] INFO  o.s.web.servlet.DispatcherServlet - Initializing Servlet 'dispatcherServlet'
2026-01-26 19:39:05 [http-nio-8080-exec-1] INFO  o.s.web.servlet.DispatcherServlet - Completed initialization in 9 ms
2026-01-26 19:39:51 [http-nio-8080-exec-6] INFO  c.m.c.service.CartServiceImpl - Added new item to cart - Product: Premium Wireless Headphones, Quantity: 1
2026-01-26 19:39:51 [http-nio-8080-exec-6] INFO  c.m.c.controller.CartController - Product 1 added to cart for user john_doe
2026-01-26 19:40:11 [http-nio-8080-exec-4] INFO  c.m.c.service.CartServiceImpl - Updated cart item quantity - Product: Premium Wireless Headphones, Quantity: 2
2026-01-26 19:40:11 [http-nio-8080-exec-4] INFO  c.m.c.controller.CartController - Product 1 added to cart for user john_doe
2026-01-26 19:40:44 [http-nio-8080-exec-5] INFO  c.m.c.service.VNPayService - VNPay payment URL created for order: ORD-20260126194044-1025CB
2026-01-26 19:40:55 [http-nio-8080-exec-4] INFO  c.m.c.service.VNPayService - VNPay payment URL created for order: ORD-20260126194055-980351
2026-01-26 19:42:08 [http-nio-8080-exec-1] INFO  c.m.c.service.VNPayService - VNPay payment URL created for order: ORD-20260126194208-3DF75D
2026-01-26 19:43:28 [SpringApplicationShutdownHook] INFO  o.s.b.w.e.tomcat.GracefulShutdown - Commencing graceful shutdown. Waiting for active requests to complete
2026-01-26 19:43:28 [tomcat-shutdown] INFO  o.s.b.w.e.tomcat.GracefulShutdown - Graceful shutdown complete
2026-01-26 19:43:28 [SpringApplicationShutdownHook] INFO  o.s.o.j.LocalContainerEntityManagerFactoryBean - Closing JPA EntityManagerFactory for persistence unit 'default'
2026-01-26 19:43:28 [SpringApplicationShutdownHook] INFO  com.zaxxer.hikari.HikariDataSource - HikariPool-1 - Shutdown initiated...
2026-01-26 19:43:28 [SpringApplicationShutdownHook] INFO  com.zaxxer.hikari.HikariDataSource - HikariPool-1 - Shutdown completed.
2026-01-26 19:45:14 [restartedMain] INFO  c.m.c.CommercePlatformFullApplication - Starting CommercePlatformFullApplication using Java 25 with PID 22284 (D:\Mao\Kì-7\E-Commerce\target\classes started by PC in D:\Mao\Kì-7\E-Commerce)
2026-01-26 19:45:14 [restartedMain] DEBUG c.m.c.CommercePlatformFullApplication - Running with Spring Boot v3.4.1, Spring v6.2.1
2026-01-26 19:45:14 [restartedMain] INFO  c.m.c.CommercePlatformFullApplication - No active profile set, falling back to 1 default profile: "default"
2026-01-26 19:45:14 [restartedMain] INFO  o.s.b.d.e.DevToolsPropertyDefaultsPostProcessor - Devtools property defaults active! Set 'spring.devtools.add-properties' to 'false' to disable
2026-01-26 19:45:14 [restartedMain] INFO  o.s.b.d.e.DevToolsPropertyDefaultsPostProcessor - For additional web related logging consider setting the 'logging.level.web' property to 'DEBUG'
2026-01-26 19:45:15 [restartedMain] INFO  o.s.d.r.c.RepositoryConfigurationDelegate - Bootstrapping Spring Data JPA repositories in DEFAULT mode.
2026-01-26 19:45:15 [restartedMain] INFO  o.s.d.r.c.RepositoryConfigurationDelegate - Finished Spring Data repository scanning in 65 ms. Found 12 JPA repository interfaces.
2026-01-26 19:45:16 [restartedMain] INFO  o.s.b.w.e.tomcat.TomcatWebServer - Tomcat initialized with port 8080 (http)
2026-01-26 19:45:16 [restartedMain] INFO  o.a.catalina.core.StandardService - Starting service [Tomcat]
2026-01-26 19:45:16 [restartedMain] INFO  o.a.catalina.core.StandardEngine - Starting Servlet engine: [Apache Tomcat/10.1.34]
2026-01-26 19:45:16 [restartedMain] INFO  o.a.c.c.C.[Tomcat].[localhost].[/] - Initializing Spring embedded WebApplicationContext
2026-01-26 19:45:16 [restartedMain] INFO  o.s.b.w.s.c.ServletWebServerApplicationContext - Root WebApplicationContext: initialization completed in 1606 ms
2026-01-26 19:45:16 [restartedMain] INFO  o.h.jpa.internal.util.LogHelper - HHH000204: Processing PersistenceUnitInfo [name: default]
2026-01-26 19:45:16 [restartedMain] INFO  org.hibernate.Version - HHH000412: Hibernate ORM core version 6.6.4.Final
2026-01-26 19:45:16 [restartedMain] INFO  o.h.c.i.RegionFactoryInitiator - HHH000026: Second-level cache disabled
2026-01-26 19:45:16 [restartedMain] INFO  o.s.o.j.p.SpringPersistenceUnitInfo - No LoadTimeWeaver setup: ignoring JPA class transformer
2026-01-26 19:45:16 [restartedMain] INFO  com.zaxxer.hikari.HikariDataSource - HikariPool-1 - Starting...
2026-01-26 19:45:17 [restartedMain] INFO  com.zaxxer.hikari.pool.HikariPool - HikariPool-1 - Added connection ConnectionID:1 ClientConnectionId: 31ce461d-3687-4777-8708-a0ebd3d5ff77
2026-01-26 19:45:17 [restartedMain] INFO  com.zaxxer.hikari.HikariDataSource - HikariPool-1 - Start completed.
2026-01-26 19:45:17 [restartedMain] WARN  org.hibernate.orm.deprecation - HHH90000025: SQLServerDialect does not need to be specified explicitly using 'hibernate.dialect' (remove the property setting and it will be selected by default)
2026-01-26 19:45:17 [restartedMain] INFO  o.hibernate.orm.connections.pooling - HHH10001005: Database info:
	Database JDBC URL [Connecting through datasource 'HikariDataSource (HikariPool-1)']
	Database driver: undefined/unknown
	Database version: 15.0
	Autocommit mode: undefined/unknown
	Isolation level: undefined/unknown
	Minimum pool size: undefined/unknown
	Maximum pool size: undefined/unknown
2026-01-26 19:45:18 [restartedMain] INFO  o.h.e.t.j.p.i.JtaPlatformInitiator - HHH000489: No JTA platform available (set 'hibernate.transaction.jta.platform' to enable JTA platform integration)
2026-01-26 19:45:19 [restartedMain] INFO  o.s.o.j.LocalContainerEntityManagerFactoryBean - Initialized JPA EntityManagerFactory for persistence unit 'default'
2026-01-26 19:45:20 [restartedMain] INFO  o.s.d.j.r.query.QueryEnhancerFactory - Hibernate is in classpath; If applicable, HQL parser will be used.
2026-01-26 19:45:21 [restartedMain] WARN  o.s.b.a.o.j.JpaBaseConfiguration$JpaWebConfiguration - spring.jpa.open-in-view is enabled by default. Therefore, database queries may be performed during view rendering. Explicitly configure spring.jpa.open-in-view to disable this warning
2026-01-26 19:45:21 [restartedMain] WARN  o.s.s.c.a.a.c.InitializeUserDetailsBeanManagerConfigurer$InitializeUserDetailsManagerConfigurer - Global AuthenticationManager configured with an AuthenticationProvider bean. UserDetailsService beans will not be used by Spring Security for automatically configuring username/password login. Consider removing the AuthenticationProvider bean. Alternatively, consider using the UserDetailsService in a manually instantiated DaoAuthenticationProvider. If the current configuration is intentional, to turn off this warning, increase the logging level of 'org.springframework.security.config.annotation.authentication.configuration.InitializeUserDetailsBeanManagerConfigurer' to ERROR
2026-01-26 19:45:21 [restartedMain] INFO  o.s.b.a.w.s.WelcomePageHandlerMapping - Adding welcome page template: index
2026-01-26 19:45:22 [restartedMain] INFO  o.s.b.d.a.OptionalLiveReloadServer - LiveReload server is running on port 35729
2026-01-26 19:45:22 [restartedMain] INFO  o.s.b.w.e.tomcat.TomcatWebServer - Tomcat started on port 8080 (http) with context path '/'
2026-01-26 19:45:22 [restartedMain] INFO  c.m.c.CommercePlatformFullApplication - Started CommercePlatformFullApplication in 8.636 seconds (process running for 9.03)
2026-01-26 19:45:22 [restartedMain] INFO  c.m.c.config.DataInitializer - Starting data initialization...
2026-01-26 19:45:22 [restartedMain] INFO  c.m.c.service.RoleServiceImpl - Initializing default roles...
2026-01-26 19:45:23 [restartedMain] INFO  c.m.c.service.RoleServiceImpl - Default roles initialization completed
2026-01-26 19:45:23 [restartedMain] INFO  c.m.c.config.DataInitializer - Users already exist, skipping initialization
2026-01-26 19:45:23 [restartedMain] INFO  c.m.c.config.DataInitializer - Categories already exist, skipping initialization
2026-01-26 19:45:23 [restartedMain] INFO  c.m.c.config.DataInitializer - Products already exist, skipping initialization
2026-01-26 19:45:23 [restartedMain] INFO  c.m.c.config.DataInitializer - Reviews already exist, skipping initialization
2026-01-26 19:45:23 [restartedMain] INFO  c.m.c.config.DataInitializer - Data initialization completed successfully!
2026-01-26 19:45:38 [http-nio-8080-exec-1] INFO  o.a.c.c.C.[Tomcat].[localhost].[/] - Initializing Spring DispatcherServlet 'dispatcherServlet'
2026-01-26 19:45:38 [http-nio-8080-exec-1] INFO  o.s.web.servlet.DispatcherServlet - Initializing Servlet 'dispatcherServlet'
2026-01-26 19:45:38 [http-nio-8080-exec-1] INFO  o.s.web.servlet.DispatcherServlet - Completed initialization in 3 ms
2026-01-26 19:46:11 [http-nio-8080-exec-4] INFO  c.m.c.service.VNPayService - VNPay payment URL created for order: ORD-20260126194611-8F001D
2026-01-26 19:46:42 [http-nio-8080-exec-8] INFO  c.m.c.service.VNPayService - VNPay payment URL created for order: ORD-20260126194642-3A06F1
2026-01-26 19:47:42 [SpringApplicationShutdownHook] INFO  o.s.b.w.e.tomcat.GracefulShutdown - Commencing graceful shutdown. Waiting for active requests to complete
2026-01-26 19:47:42 [tomcat-shutdown] INFO  o.s.b.w.e.tomcat.GracefulShutdown - Graceful shutdown complete
2026-01-26 19:47:42 [SpringApplicationShutdownHook] INFO  o.s.o.j.LocalContainerEntityManagerFactoryBean - Closing JPA EntityManagerFactory for persistence unit 'default'
2026-01-26 19:47:42 [SpringApplicationShutdownHook] INFO  com.zaxxer.hikari.HikariDataSource - HikariPool-1 - Shutdown initiated...
2026-01-26 19:47:42 [SpringApplicationShutdownHook] INFO  com.zaxxer.hikari.HikariDataSource - HikariPool-1 - Shutdown completed.
2026-01-26 19:47:45 [restartedMain] INFO  c.m.c.CommercePlatformFullApplication - Starting CommercePlatformFullApplication using Java 25 with PID 20928 (D:\Mao\Kì-7\E-Commerce\target\classes started by PC in D:\Mao\Kì-7\E-Commerce)
2026-01-26 19:47:45 [restartedMain] DEBUG c.m.c.CommercePlatformFullApplication - Running with Spring Boot v3.4.1, Spring v6.2.1
2026-01-26 19:47:45 [restartedMain] INFO  c.m.c.CommercePlatformFullApplication - No active profile set, falling back to 1 default profile: "default"
2026-01-26 19:47:45 [restartedMain] INFO  o.s.b.d.e.DevToolsPropertyDefaultsPostProcessor - Devtools property defaults active! Set 'spring.devtools.add-properties' to 'false' to disable
2026-01-26 19:47:45 [restartedMain] INFO  o.s.b.d.e.DevToolsPropertyDefaultsPostProcessor - For additional web related logging consider setting the 'logging.level.web' property to 'DEBUG'
2026-01-26 19:47:46 [restartedMain] INFO  o.s.d.r.c.RepositoryConfigurationDelegate - Bootstrapping Spring Data JPA repositories in DEFAULT mode.
2026-01-26 19:47:46 [restartedMain] INFO  o.s.d.r.c.RepositoryConfigurationDelegate - Finished Spring Data repository scanning in 72 ms. Found 12 JPA repository interfaces.
2026-01-26 19:47:47 [restartedMain] INFO  o.s.b.w.e.tomcat.TomcatWebServer - Tomcat initialized with port 8080 (http)
2026-01-26 19:47:47 [restartedMain] INFO  o.a.catalina.core.StandardService - Starting service [Tomcat]
2026-01-26 19:47:47 [restartedMain] INFO  o.a.catalina.core.StandardEngine - Starting Servlet engine: [Apache Tomcat/10.1.34]
2026-01-26 19:47:47 [restartedMain] INFO  o.a.c.c.C.[Tomcat].[localhost].[/] - Initializing Spring embedded WebApplicationContext
2026-01-26 19:47:47 [restartedMain] INFO  o.s.b.w.s.c.ServletWebServerApplicationContext - Root WebApplicationContext: initialization completed in 1804 ms
2026-01-26 19:47:47 [restartedMain] INFO  o.h.jpa.internal.util.LogHelper - HHH000204: Processing PersistenceUnitInfo [name: default]
2026-01-26 19:47:47 [restartedMain] INFO  org.hibernate.Version - HHH000412: Hibernate ORM core version 6.6.4.Final
2026-01-26 19:47:47 [restartedMain] INFO  o.h.c.i.RegionFactoryInitiator - HHH000026: Second-level cache disabled
2026-01-26 19:47:48 [restartedMain] INFO  o.s.o.j.p.SpringPersistenceUnitInfo - No LoadTimeWeaver setup: ignoring JPA class transformer
2026-01-26 19:47:48 [restartedMain] INFO  com.zaxxer.hikari.HikariDataSource - HikariPool-1 - Starting...
2026-01-26 19:47:48 [restartedMain] INFO  com.zaxxer.hikari.pool.HikariPool - HikariPool-1 - Added connection ConnectionID:1 ClientConnectionId: 70b1c1fd-38fb-417f-9818-bf244a3d8247
2026-01-26 19:47:48 [restartedMain] INFO  com.zaxxer.hikari.HikariDataSource - HikariPool-1 - Start completed.
2026-01-26 19:47:48 [restartedMain] WARN  org.hibernate.orm.deprecation - HHH90000025: SQLServerDialect does not need to be specified explicitly using 'hibernate.dialect' (remove the property setting and it will be selected by default)
2026-01-26 19:47:48 [restartedMain] INFO  o.hibernate.orm.connections.pooling - HHH10001005: Database info:
	Database JDBC URL [Connecting through datasource 'HikariDataSource (HikariPool-1)']
	Database driver: undefined/unknown
	Database version: 15.0
	Autocommit mode: undefined/unknown
	Isolation level: undefined/unknown
	Minimum pool size: undefined/unknown
	Maximum pool size: undefined/unknown
2026-01-26 19:47:50 [restartedMain] INFO  o.h.e.t.j.p.i.JtaPlatformInitiator - HHH000489: No JTA platform available (set 'hibernate.transaction.jta.platform' to enable JTA platform integration)
2026-01-26 19:47:51 [restartedMain] INFO  o.s.o.j.LocalContainerEntityManagerFactoryBean - Initialized JPA EntityManagerFactory for persistence unit 'default'
2026-01-26 19:47:51 [restartedMain] INFO  o.s.d.j.r.query.QueryEnhancerFactory - Hibernate is in classpath; If applicable, HQL parser will be used.
2026-01-26 19:47:53 [restartedMain] WARN  o.s.b.a.o.j.JpaBaseConfiguration$JpaWebConfiguration - spring.jpa.open-in-view is enabled by default. Therefore, database queries may be performed during view rendering. Explicitly configure spring.jpa.open-in-view to disable this warning
2026-01-26 19:47:53 [restartedMain] WARN  o.s.s.c.a.a.c.InitializeUserDetailsBeanManagerConfigurer$InitializeUserDetailsManagerConfigurer - Global AuthenticationManager configured with an AuthenticationProvider bean. UserDetailsService beans will not be used by Spring Security for automatically configuring username/password login. Consider removing the AuthenticationProvider bean. Alternatively, consider using the UserDetailsService in a manually instantiated DaoAuthenticationProvider. If the current configuration is intentional, to turn off this warning, increase the logging level of 'org.springframework.security.config.annotation.authentication.configuration.InitializeUserDetailsBeanManagerConfigurer' to ERROR
2026-01-26 19:47:53 [restartedMain] INFO  o.s.b.a.w.s.WelcomePageHandlerMapping - Adding welcome page template: index
2026-01-26 19:47:54 [restartedMain] INFO  o.s.b.d.a.OptionalLiveReloadServer - LiveReload server is running on port 35729
2026-01-26 19:47:54 [restartedMain] INFO  o.s.b.w.e.tomcat.TomcatWebServer - Tomcat started on port 8080 (http) with context path '/'
2026-01-26 19:47:54 [restartedMain] INFO  c.m.c.CommercePlatformFullApplication - Started CommercePlatformFullApplication in 8.908 seconds (process running for 9.307)
2026-01-26 19:47:54 [restartedMain] INFO  c.m.c.config.DataInitializer - Starting data initialization...
2026-01-26 19:47:54 [restartedMain] INFO  c.m.c.service.RoleServiceImpl - Initializing default roles...
2026-01-26 19:47:54 [restartedMain] INFO  c.m.c.service.RoleServiceImpl - Default roles initialization completed
2026-01-26 19:47:54 [restartedMain] INFO  c.m.c.config.DataInitializer - Users already exist, skipping initialization
2026-01-26 19:47:54 [restartedMain] INFO  c.m.c.config.DataInitializer - Categories already exist, skipping initialization
2026-01-26 19:47:54 [restartedMain] INFO  c.m.c.config.DataInitializer - Products already exist, skipping initialization
2026-01-26 19:47:54 [restartedMain] INFO  c.m.c.config.DataInitializer - Reviews already exist, skipping initialization
2026-01-26 19:47:54 [restartedMain] INFO  c.m.c.config.DataInitializer - Data initialization completed successfully!
2026-01-26 19:47:58 [http-nio-8080-exec-1] INFO  o.a.c.c.C.[Tomcat].[localhost].[/] - Initializing Spring DispatcherServlet 'dispatcherServlet'
2026-01-26 19:47:58 [http-nio-8080-exec-1] INFO  o.s.web.servlet.DispatcherServlet - Initializing Servlet 'dispatcherServlet'
2026-01-26 19:47:58 [http-nio-8080-exec-1] INFO  o.s.web.servlet.DispatcherServlet - Completed initialization in 2 ms
2026-01-26 19:48:02 [http-nio-8080-exec-5] INFO  c.m.c.service.VNPayService - Payment URL: https://sandbox.vnpayment.vn/paymentv2/vpcpay.html?vnp_Amount=500000000&vnp_Command=pay&vnp_CreateDate=20260126194802&vnp_CurrCode=VND&vnp_ExpireDate=20260126200302&vnp_IpAddr=127.0.0.1&vnp_Locale=vn&vnp_OrderInfo=Thanh+toan+don+hang+ORD-20260126194802-AF7F92&vnp_OrderType=other&vnp_ReturnUrl=http%3A%2F%2Flocalhost%3A8080%2Fpayment%2Fvnpay%2Fcallback&vnp_TmnCode=QYQ3HPWW&vnp_TxnRef=ORD-20260126194802-AF7F92&vnp_Version=2.1.0&vnp_SecureHash=5b12526332d05809374beb44d672ba3a6a54fc694d6ce55c32ef13ecd364183ce70792be8754d3b34dbed49266a8a0e0e779bdd22cdfc35c2536b3cf8f14b08d
2026-01-26 19:48:38 [http-nio-8080-exec-5] INFO  c.m.c.service.CartServiceImpl - Added new item to cart - Product: Ergonomic Office Chair, Quantity: 1
2026-01-26 19:48:38 [http-nio-8080-exec-5] INFO  c.m.c.controller.CartController - Product 5 added to cart for user john_doe
2026-01-26 19:48:50 [http-nio-8080-exec-7] INFO  c.m.c.controller.CartController - Cart item 1 removed
2026-01-26 19:49:13 [http-nio-8080-exec-4] INFO  c.m.c.service.VNPayService - Payment URL: https://sandbox.vnpayment.vn/paymentv2/vpcpay.html?vnp_Amount=320000000&vnp_Command=pay&vnp_CreateDate=20260126194913&vnp_CurrCode=VND&vnp_ExpireDate=20260126200413&vnp_IpAddr=127.0.0.1&vnp_Locale=vn&vnp_OrderInfo=Thanh+toan+don+hang+ORD-20260126194913-F80B61&vnp_OrderType=other&vnp_ReturnUrl=http%3A%2F%2Flocalhost%3A8080%2Fpayment%2Fvnpay%2Fcallback&vnp_TmnCode=QYQ3HPWW&vnp_TxnRef=ORD-20260126194913-F80B61&vnp_Version=2.1.0&vnp_SecureHash=263f1ef59b0e427ef6ad28ee23838692b4fcabdd992d4a94a6860f4102d1b7892022ddb417e99a736f38e593295de0cfce6fc729cefd18c571d49bf75517dc42
2026-01-26 19:49:34 [http-nio-8080-exec-3] INFO  c.m.c.controller.PaymentController - VNPay payment successful for order: ORD-20260126194913-F80B61
2026-01-26 19:50:34 [http-nio-8080-exec-2] INFO  c.m.c.controller.CartController - Cart item 2 removed
2026-01-26 19:52:18 [SpringApplicationShutdownHook] INFO  o.s.b.w.e.tomcat.GracefulShutdown - Commencing graceful shutdown. Waiting for active requests to complete
2026-01-26 19:52:18 [tomcat-shutdown] INFO  o.s.b.w.e.tomcat.GracefulShutdown - Graceful shutdown complete
2026-01-26 19:52:18 [SpringApplicationShutdownHook] INFO  o.s.o.j.LocalContainerEntityManagerFactoryBean - Closing JPA EntityManagerFactory for persistence unit 'default'
2026-01-26 19:52:18 [SpringApplicationShutdownHook] INFO  com.zaxxer.hikari.HikariDataSource - HikariPool-1 - Shutdown initiated...
2026-01-26 19:52:18 [SpringApplicationShutdownHook] INFO  com.zaxxer.hikari.HikariDataSource - HikariPool-1 - Shutdown completed.
